<?xml version="1.0" encoding="UTF-8"?>
<!-- Generated by org.testng.reporters.JUnitReportReporter -->
<testsuite hostname="LAPTOP-LKU0LLVL" name="com.hrms.scripts.Tc_003" tests="1" failures="0" timestamp="27 Jan 2022 14:39:02 GMT" time="27.920" errors="0">
  <testcase name="tc003" time="27.920" classname="com.hrms.scripts.Tc_003"/>
</testsuite> <!-- com.hrms.scripts.Tc_003 -->
