<?xml version="1.0" encoding="UTF-8"?>
<!-- Generated by org.testng.reporters.JUnitReportReporter -->
<testsuite hostname="LAPTOP-LKU0LLVL" name="com.hrms.scripts.TC_001" tests="1" failures="0" timestamp="27 Jan 2022 14:39:02 GMT" time="23.539" errors="0">
  <testcase name="tc001" time="23.539" classname="com.hrms.scripts.TC_001"/>
</testsuite> <!-- com.hrms.scripts.TC_001 -->
